2012/04/04 22:52:06 [error] [exception.CDbException] exception 'CDbException' with message 'CDbConnection failed to open the DB connection: could not find driver' in /var/www/yii/framework/db/CDbConnection.php:382
Stack trace:
#0 /var/www/yii/framework/db/CDbConnection.php(331): CDbConnection->open()
#1 /var/www/yii/framework/db/CDbConnection.php(309): CDbConnection->setActive(true)
#2 /var/www/yii/framework/base/CModule.php(388): CDbConnection->init()
#3 /var/www/yii/framework/base/CModule.php(104): CModule->getComponent('db')
#4 /var/www/yii/framework/gii/generators/model/ModelCode.php(54): CModule->__get('db')
#5 /var/www/yii/framework/web/CFormModel.php(40): ModelCode->init()
#6 /var/www/yii/framework/gii/CCodeGenerator.php(152): CFormModel->__construct()
#7 /var/www/yii/framework/gii/CCodeGenerator.php(64): CCodeGenerator->prepare()
#8 /var/www/yii/framework/web/actions/CInlineAction.php(50): CCodeGenerator->actionIndex()
#9 /var/www/yii/framework/web/CController.php(309): CInlineAction->runWithParams(Array)
#10 /var/www/yii/framework/web/CController.php(287): CController->runAction(Object(CInlineAction))
#11 /var/www/yii/framework/web/CController.php(266): CController->runActionWithFilters(Object(CInlineAction), Array)
#12 /var/www/yii/framework/web/CWebApplication.php(276): CController->run('')
#13 /var/www/yii/framework/web/CWebApplication.php(135): CWebApplication->runController('gii/model')
#14 /var/www/yii/framework/base/CApplication.php(162): CWebApplication->processRequest()
#15 /var/www/csci2441w/skillsdb/index.php(13): CApplication->run()
#16 {main}
REQUEST_URI=/csci2441w/skillsdb/index.php?r=gii/model
HTTP_REFERER=http://ec2-23-21-211-140.compute-1.amazonaws.com/csci2441w/skillsdb/index.php?r=gii/default/index
---
